This file contains any messages produced by compilers while
running configure, to aid debugging if configure makes a mistake.

It was created by libfm configure 1.3.2, which was
generated by GNU Autoconf 2.69.  Invocation command line was

  $ ./configure --build=x86_64-linux-gnu --prefix=/usr --includedir=${prefix}/include --mandir=${prefix}/share/man --infodir=${prefix}/share/info --sysconfdir=/etc --localstatedir=/var --disable-option-checking --disable-silent-rules --libdir=${prefix}/lib/x86_64-linux-gnu --libexecdir=${prefix}/lib/x86_64-linux-gnu --runstatedir=/run --disable-maintainer-mode --disable-dependency-tracking --enable-udisks --enable-gtk-doc --with-gtk=3

## --------- ##
## Platform. ##
## --------- ##

hostname = debian
uname -m = x86_64
uname -r = 5.11.0-14.1-liquorix-amd64
uname -s = Linux
uname -v = #1 ZEN SMP PREEMPT liquorix 5.11-28.1~sid (2021-04-14)

/usr/bin/uname -p = unknown
/bin/uname -X     = unknown

/bin/arch              = unknown
/usr/bin/arch -k       = unknown
/usr/convex/getsysinfo = unknown
/usr/bin/hostinfo      = unknown
/bin/machine           = unknown
/usr/bin/oslevel       = unknown
/bin/universe          = unknown

PATH: /usr/sbin
PATH: /usr/bin
PATH: /sbin
PATH: /bin
PATH: /usr/bin/X11


## ----------- ##
## Core tests. ##
## ----------- ##

configure:2555: checking for a BSD-compatible install
configure:2623: result: /usr/bin/install -c
configure:2634: checking whether build environment is sane
configure:2689: result: yes
configure:2835: checking for a thread-safe mkdir -p
configure:2874: result: /bin/mkdir -p
configure:2881: checking for gawk
configure:2897: found /usr/bin/gawk
configure:2908: result: gawk
configure:2919: checking whether make sets $(MAKE)
configure:2941: result: yes
configure:2970: checking whether make supports nested variables
configure:2987: result: yes
configure:3128: checking whether make supports nested variables
configure:3145: result: yes
configure:3164: checking whether make supports the include directive
configure:3179: make -f confmf.GNU && cat confinc.out
make[2]: Entering directory '/var/build/lxde/libfm'
make[2]: Leaving directory '/var/build/lxde/libfm'
this is the am__doit target
configure:3182: $? = 0
configure:3201: result: yes (GNU style)
configure:3271: checking for gcc
configure:3287: found /usr/bin/gcc
configure:3298: result: gcc
configure:3527: checking for C compiler version
configure:3536: gcc --version >&5
gcc (Debian 10.2.1-6) 10.2.1 20210110
Copyright (C) 2020 Free Software Foundation, Inc.
This is free software; see the source for copying conditions.  There is NO
warranty; not even for MERCHANTABILITY or FITNESS FOR A PARTICULAR PURPOSE.

configure:3547: $? = 0
configure:3536: gcc -v >&5
Using built-in specs.
COLLECT_GCC=gcc
COLLECT_LTO_WRAPPER=/usr/lib/gcc/x86_64-linux-gnu/10/lto-wrapper
OFFLOAD_TARGET_NAMES=nvptx-none:amdgcn-amdhsa:hsa
OFFLOAD_TARGET_DEFAULT=1
Target: x86_64-linux-gnu
Configured with: ../src/configure -v --with-pkgversion='Debian 10.2.1-6' --with-bugurl=file:///usr/share/doc/gcc-10/README.Bugs --enable-languages=c,ada,c++,go,brig,d,fortran,objc,obj-c++,m2 --prefix=/usr --with-gcc-major-version-only --program-suffix=-10 --program-prefix=x86_64-linux-gnu- --enable-shared --enable-linker-build-id --libexecdir=/usr/lib --without-included-gettext --enable-threads=posix --libdir=/usr/lib --enable-nls --enable-bootstrap --enable-clocale=gnu --enable-libstdcxx-debug --enable-libstdcxx-time=yes --with-default-libstdcxx-abi=new --enable-gnu-unique-object --disable-vtable-verify --enable-plugin --enable-default-pie --with-system-zlib --enable-libphobos-checking=release --with-target-system-zlib=auto --enable-objc-gc=auto --enable-multiarch --disable-werror --with-arch-32=i686 --with-abi=m64 --with-multilib-list=m32,m64,mx32 --enable-multilib --with-tune=generic --enable-offload-targets=nvptx-none=/build/gcc-10-Km9U7s/gcc-10-10.2.1/debian/tmp-nvptx/usr,amdgcn-amdhsa=/build/gcc-10-Km9U7s/gcc-10-10.2.1/debian/tmp-gcn/usr,hsa --without-cuda-driver --enable-checking=release --build=x86_64-linux-gnu --host=x86_64-linux-gnu --target=x86_64-linux-gnu --with-build-config=bootstrap-lto-lean --enable-link-mutex
Thread model: posix
Supported LTO compression algorithms: zlib zstd
gcc version 10.2.1 20210110 (Debian 10.2.1-6) 
... rest of stderr output deleted ...
configure:3547: $? = 0
configure:3536: gcc -V >&5
gcc: error: unrecognized command-line option '-V'
gcc: fatal error: no input files
compilation terminated.
configure:3547: $? = 1
configure:3536: gcc -qversion >&5
gcc: error: unrecognized command-line option '-qversion'; did you mean '--version'?
gcc: fatal error: no input files
compilation terminated.
configure:3547: $? = 1
configure:3567: checking whether the C compiler works
configure:3589: gcc -g -O2 -ffile-prefix-map=/var/build/lxde/libfm=. -fstack-protector-strong -Wformat -Werror=format-security -Wdate-time -D_FORTIFY_SOURCE=2 -Wl,-z,relro -Wl,-z,now conftest.c  >&5
configure:3593: $? = 0
configure:3641: result: yes
configure:3644: checking for C compiler default output file name
configure:3646: result: a.out
configure:3652: checking for suffix of executables
configure:3659: gcc -o conftest -g -O2 -ffile-prefix-map=/var/build/lxde/libfm=. -fstack-protector-strong -Wformat -Werror=format-security -Wdate-time -D_FORTIFY_SOURCE=2 -Wl,-z,relro -Wl,-z,now conftest.c  >&5
configure:3663: $? = 0
configure:3685: result: 
configure:3707: checking whether we are cross compiling
configure:3715: gcc -o conftest -g -O2 -ffile-prefix-map=/var/build/lxde/libfm=. -fstack-protector-strong -Wformat -Werror=format-security -Wdate-time -D_FORTIFY_SOURCE=2 -Wl,-z,relro -Wl,-z,now conftest.c  >&5
configure:3719: $? = 0
configure:3726: ./conftest
configure:3730: $? = 0
configure:3745: result: no
configure:3750: checking for suffix of object files
configure:3772: gcc -c -g -O2 -ffile-prefix-map=/var/build/lxde/libfm=. -fstack-protector-strong -Wformat -Werror=format-security -Wdate-time -D_FORTIFY_SOURCE=2 conftest.c >&5
configure:3776: $? = 0
configure:3797: result: o
configure:3801: checking whether we are using the GNU C compiler
configure:3820: gcc -c -g -O2 -ffile-prefix-map=/var/build/lxde/libfm=. -fstack-protector-strong -Wformat -Werror=format-security -Wdate-time -D_FORTIFY_SOURCE=2 conftest.c >&5
configure:3820: $? = 0
configure:3829: result: yes
configure:3838: checking whether gcc accepts -g
configure:3858: gcc -c -g -Wdate-time -D_FORTIFY_SOURCE=2 conftest.c >&5
configure:3858: $? = 0
configure:3899: result: yes
configure:3916: checking for gcc option to accept ISO C89
configure:3979: gcc  -c -g -O2 -ffile-prefix-map=/var/build/lxde/libfm=. -fstack-protector-strong -Wformat -Werror=format-security -Wdate-time -D_FORTIFY_SOURCE=2 conftest.c >&5
configure:3979: $? = 0
configure:3992: result: none needed
configure:4017: checking whether gcc understands -c and -o together
configure:4039: gcc -c conftest.c -o conftest2.o
configure:4042: $? = 0
configure:4039: gcc -c conftest.c -o conftest2.o
configure:4042: $? = 0
configure:4054: result: yes
configure:4073: checking dependency style of gcc
configure:4184: result: none
configure:4249: checking for ar
configure:4265: found /usr/bin/ar
configure:4276: result: ar
configure:4302: checking the archiver (ar) interface
configure:4318: gcc -c -g -O2 -ffile-prefix-map=/var/build/lxde/libfm=. -fstack-protector-strong -Wformat -Werror=format-security -Wdate-time -D_FORTIFY_SOURCE=2 conftest.c >&5
configure:4318: $? = 0
configure:4320: ar cru libconftest.a conftest.o >&5
ar: `u' modifier ignored since `D' is the default (see `U')
configure:4323: $? = 0
configure:4351: result: ar
configure:4421: checking for gcc
configure:4448: result: gcc
configure:4677: checking for C compiler version
configure:4686: gcc --version >&5
gcc (Debian 10.2.1-6) 10.2.1 20210110
Copyright (C) 2020 Free Software Foundation, Inc.
This is free software; see the source for copying conditions.  There is NO
warranty; not even for MERCHANTABILITY or FITNESS FOR A PARTICULAR PURPOSE.

configure:4697: $? = 0
configure:4686: gcc -v >&5
Using built-in specs.
COLLECT_GCC=gcc
COLLECT_LTO_WRAPPER=/usr/lib/gcc/x86_64-linux-gnu/10/lto-wrapper
OFFLOAD_TARGET_NAMES=nvptx-none:amdgcn-amdhsa:hsa
OFFLOAD_TARGET_DEFAULT=1
Target: x86_64-linux-gnu
Configured with: ../src/configure -v --with-pkgversion='Debian 10.2.1-6' --with-bugurl=file:///usr/share/doc/gcc-10/README.Bugs --enable-languages=c,ada,c++,go,brig,d,fortran,objc,obj-c++,m2 --prefix=/usr --with-gcc-major-version-only --program-suffix=-10 --program-prefix=x86_64-linux-gnu- --enable-shared --enable-linker-build-id --libexecdir=/usr/lib --without-included-gettext --enable-threads=posix --libdir=/usr/lib --enable-nls --enable-bootstrap --enable-clocale=gnu --enable-libstdcxx-debug --enable-libstdcxx-time=yes --with-default-libstdcxx-abi=new --enable-gnu-unique-object --disable-vtable-verify --enable-plugin --enable-default-pie --with-system-zlib --enable-libphobos-checking=release --with-target-system-zlib=auto --enable-objc-gc=auto --enable-multiarch --disable-werror --with-arch-32=i686 --with-abi=m64 --with-multilib-list=m32,m64,mx32 --enable-multilib --with-tune=generic --enable-offload-targets=nvptx-none=/build/gcc-10-Km9U7s/gcc-10-10.2.1/debian/tmp-nvptx/usr,amdgcn-amdhsa=/build/gcc-10-Km9U7s/gcc-10-10.2.1/debian/tmp-gcn/usr,hsa --without-cuda-driver --enable-checking=release --build=x86_64-linux-gnu --host=x86_64-linux-gnu --target=x86_64-linux-gnu --with-build-config=bootstrap-lto-lean --enable-link-mutex
Thread model: posix
Supported LTO compression algorithms: zlib zstd
gcc version 10.2.1 20210110 (Debian 10.2.1-6) 
... rest of stderr output deleted ...
configure:4697: $? = 0
configure:4686: gcc -V >&5
gcc: error: unrecognized command-line option '-V'
gcc: fatal error: no input files
compilation terminated.
configure:4697: $? = 1
configure:4686: gcc -qversion >&5
gcc: error: unrecognized command-line option '-qversion'; did you mean '--version'?
gcc: fatal error: no input files
compilation terminated.
configure:4697: $? = 1
configure:4701: checking whether we are using the GNU C compiler
configure:4729: result: yes
configure:4738: checking whether gcc accepts -g
configure:4799: result: yes
configure:4816: checking for gcc option to accept ISO C89
configure:4892: result: none needed
configure:4917: checking whether gcc understands -c and -o together
configure:4954: result: yes
configure:4973: checking dependency style of gcc
configure:5084: result: none
configure:5129: checking build system type
configure:5143: result: x86_64-pc-linux-gnu
configure:5163: checking host system type
configure:5176: result: x86_64-pc-linux-gnu
configure:5217: checking how to print strings
configure:5244: result: printf
configure:5265: checking for a sed that does not truncate output
configure:5329: result: /bin/sed
configure:5347: checking for grep that handles long lines and -e
configure:5405: result: /bin/grep
configure:5410: checking for egrep
configure:5472: result: /bin/grep -E
configure:5477: checking for fgrep
configure:5539: result: /bin/grep -F
configure:5574: checking for ld used by gcc
configure:5641: result: /usr/bin/ld
configure:5648: checking if the linker (/usr/bin/ld) is GNU ld
configure:5663: result: yes
configure:5675: checking for BSD- or MS-compatible name lister (nm)
configure:5729: result: /usr/bin/nm -B
configure:5859: checking the name lister (/usr/bin/nm -B) interface
configure:5866: gcc -c -g -O2 -ffile-prefix-map=/var/build/lxde/libfm=. -fstack-protector-strong -Wformat -Werror=format-security -Wdate-time -D_FORTIFY_SOURCE=2 conftest.c >&5
configure:5869: /usr/bin/nm -B "conftest.o"
configure:5872: output
0000000000000000 B some_variable
configure:5879: result: BSD nm
configure:5882: checking whether ln -s works
configure:5886: result: yes
configure:5894: checking the maximum length of command line arguments
configure:6025: result: 1572864
configure:6073: checking how to convert x86_64-pc-linux-gnu file names to x86_64-pc-linux-gnu format
configure:6113: result: func_convert_file_noop
configure:6120: checking how to convert x86_64-pc-linux-gnu file names to toolchain format
configure:6140: result: func_convert_file_noop
configure:6147: checking for /usr/bin/ld option to reload object files
configure:6154: result: -r
configure:6228: checking for objdump
configure:6244: found /usr/bin/objdump
configure:6255: result: objdump
configure:6287: checking how to recognize dependent libraries
configure:6487: result: pass_all
configure:6572: checking for dlltool
configure:6602: result: no
configure:6632: checking how to associate runtime and link libraries
configure:6659: result: printf %s\n
configure:6783: checking for archiver @FILE support
configure:6800: gcc -c -g -O2 -ffile-prefix-map=/var/build/lxde/libfm=. -fstack-protector-strong -Wformat -Werror=format-security -Wdate-time -D_FORTIFY_SOURCE=2 conftest.c >&5
configure:6800: $? = 0
configure:6803: ar cr libconftest.a @conftest.lst >&5
configure:6806: $? = 0
configure:6811: ar cr libconftest.a @conftest.lst >&5
ar: conftest.o: No such file or directory
configure:6814: $? = 1
configure:6826: result: @
configure:6884: checking for strip
configure:6900: found /usr/bin/strip
configure:6911: result: strip
configure:6983: checking for ranlib
configure:6999: found /usr/bin/ranlib
configure:7010: result: ranlib
configure:7112: checking command to parse /usr/bin/nm -B output from gcc object
configure:7265: gcc -c -g -O2 -ffile-prefix-map=/var/build/lxde/libfm=. -fstack-protector-strong -Wformat -Werror=format-security -Wdate-time -D_FORTIFY_SOURCE=2 conftest.c >&5
configure:7268: $? = 0
configure:7272: /usr/bin/nm -B conftest.o | sed -n -e 's/^.*[	 ]\([ABCDGIRSTW][ABCDGIRSTW]*\)[	 ][	 ]*\([_A-Za-z][_A-Za-z0-9]*\)$/\1 \2 \2/p' | sed '/ __gnu_lto/d' > conftest.nm
configure:7338: gcc -o conftest -g -O2 -ffile-prefix-map=/var/build/lxde/libfm=. -fstack-protector-strong -Wformat -Werror=format-security -Wdate-time -D_FORTIFY_SOURCE=2 -Wl,-z,relro -Wl,-z,now conftest.c conftstm.o >&5
configure:7341: $? = 0
configure:7379: result: ok
configure:7426: checking for sysroot
configure:7456: result: no
configure:7463: checking for a working dd
configure:7501: result: /bin/dd
configure:7505: checking how to truncate binary pipes
configure:7520: result: /bin/dd bs=4096 count=1
configure:7656: gcc -c -g -O2 -ffile-prefix-map=/var/build/lxde/libfm=. -fstack-protector-strong -Wformat -Werror=format-security -Wdate-time -D_FORTIFY_SOURCE=2 conftest.c >&5
configure:7659: $? = 0
configure:7849: checking for mt
configure:7865: found /bin/mt
configure:7876: result: mt
configure:7899: checking if mt is a manifest tool
configure:7905: mt '-?'
configure:7913: result: no
configure:8590: checking how to run the C preprocessor
configure:8621: gcc -E -Wdate-time -D_FORTIFY_SOURCE=2 conftest.c
configure:8621: $? = 0
configure:8635: gcc -E -Wdate-time -D_FORTIFY_SOURCE=2 conftest.c
conftest.c:11:10: fatal error: ac_nonexistent.h: No such file or directory
   11 | #include <ac_nonexistent.h>
      |          ^~~~~~~~~~~~~~~~~~
compilation terminated.
configure:8635: $? = 1
configure: failed program was:
| /* confdefs.h */
| #define PACKAGE_NAME "libfm"
| #define PACKAGE_TARNAME "libfm"
| #define PACKAGE_VERSION "1.3.2"
| #define PACKAGE_STRING "libfm 1.3.2"
| #define PACKAGE_BUGREPORT "http://pcmanfm.sourceforge.net/"
| #define PACKAGE_URL ""
| #define PACKAGE "libfm"
| #define VERSION "1.3.2"
| /* end confdefs.h.  */
| #include <ac_nonexistent.h>
configure:8660: result: gcc -E
configure:8680: gcc -E -Wdate-time -D_FORTIFY_SOURCE=2 conftest.c
configure:8680: $? = 0
configure:8694: gcc -E -Wdate-time -D_FORTIFY_SOURCE=2 conftest.c
conftest.c:11:10: fatal error: ac_nonexistent.h: No such file or directory
   11 | #include <ac_nonexistent.h>
      |          ^~~~~~~~~~~~~~~~~~
compilation terminated.
configure:8694: $? = 1
configure: failed program was:
| /* confdefs.h */
| #define PACKAGE_NAME "libfm"
| #define PACKAGE_TARNAME "libfm"
| #define PACKAGE_VERSION "1.3.2"
| #define PACKAGE_STRING "libfm 1.3.2"
| #define PACKAGE_BUGREPORT "http://pcmanfm.sourceforge.net/"
| #define PACKAGE_URL ""
| #define PACKAGE "libfm"
| #define VERSION "1.3.2"
| /* end confdefs.h.  */
| #include <ac_nonexistent.h>
configure:8723: checking for ANSI C header files
configure:8743: gcc -c -g -O2 -ffile-prefix-map=/var/build/lxde/libfm=. -fstack-protector-strong -Wformat -Werror=format-security -Wdate-time -D_FORTIFY_SOURCE=2 conftest.c >&5
configure:8743: $? = 0
configure:8816: gcc -o conftest -g -O2 -ffile-prefix-map=/var/build/lxde/libfm=. -fstack-protector-strong -Wformat -Werror=format-security -Wdate-time -D_FORTIFY_SOURCE=2 -Wl,-z,relro -Wl,-z,now conftest.c  >&5
configure:8816: $? = 0
configure:8816: ./conftest
configure:8816: $? = 0
configure:8827: result: yes
configure:8840: checking for sys/types.h
configure:8840: gcc -c -g -O2 -ffile-prefix-map=/var/build/lxde/libfm=. -fstack-protector-strong -Wformat -Werror=format-security -Wdate-time -D_FORTIFY_SOURCE=2 conftest.c >&5
configure:8840: $? = 0
configure:8840: result: yes
configure:8840: checking for sys/stat.h
configure:8840: gcc -c -g -O2 -ffile-prefix-map=/var/build/lxde/libfm=. -fstack-protector-strong -Wformat -Werror=format-security -Wdate-time -D_FORTIFY_SOURCE=2 conftest.c >&5
configure:8840: $? = 0
configure:8840: result: yes
configure:8840: checking for stdlib.h
configure:8840: gcc -c -g -O2 -ffile-prefix-map=/var/build/lxde/libfm=. -fstack-protector-strong -Wformat -Werror=format-security -Wdate-time -D_FORTIFY_SOURCE=2 conftest.c >&5
configure:8840: $? = 0
configure:8840: result: yes
configure:8840: checking for string.h
configure:8840: gcc -c -g -O2 -ffile-prefix-map=/var/build/lxde/libfm=. -fstack-protector-strong -Wformat -Werror=format-security -Wdate-time -D_FORTIFY_SOURCE=2 conftest.c >&5
configure:8840: $? = 0
configure:8840: result: yes
configure:8840: checking for memory.h
configure:8840: gcc -c -g -O2 -ffile-prefix-map=/var/build/lxde/libfm=. -fstack-protector-strong -Wformat -Werror=format-security -Wdate-time -D_FORTIFY_SOURCE=2 conftest.c >&5
configure:8840: $? = 0
configure:8840: result: yes
configure:8840: checking for strings.h
configure:8840: gcc -c -g -O2 -ffile-prefix-map=/var/build/lxde/libfm=. -fstack-protector-strong -Wformat -Werror=format-security -Wdate-time -D_FORTIFY_SOURCE=2 conftest.c >&5
configure:8840: $? = 0
configure:8840: result: yes
configure:8840: checking for inttypes.h
configure:8840: gcc -c -g -O2 -ffile-prefix-map=/var/build/lxde/libfm=. -fstack-protector-strong -Wformat -Werror=format-security -Wdate-time -D_FORTIFY_SOURCE=2 conftest.c >&5
configure:8840: $? = 0
configure:8840: result: yes
configure:8840: checking for stdint.h
configure:8840: gcc -c -g -O2 -ffile-prefix-map=/var/build/lxde/libfm=. -fstack-protector-strong -Wformat -Werror=format-security -Wdate-time -D_FORTIFY_SOURCE=2 conftest.c >&5
configure:8840: $? = 0
configure:8840: result: yes
configure:8840: checking for unistd.h
configure:8840: gcc -c -g -O2 -ffile-prefix-map=/var/build/lxde/libfm=. -fstack-protector-strong -Wformat -Werror=format-security -Wdate-time -D_FORTIFY_SOURCE=2 conftest.c >&5
configure:8840: $? = 0
configure:8840: result: yes
configure:8854: checking for dlfcn.h
configure:8854: gcc -c -g -O2 -ffile-prefix-map=/var/build/lxde/libfm=. -fstack-protector-strong -Wformat -Werror=format-security -Wdate-time -D_FORTIFY_SOURCE=2 conftest.c >&5
configure:8854: $? = 0
configure:8854: result: yes
configure:9110: checking for objdir
configure:9125: result: .libs
configure:9389: checking if gcc supports -fno-rtti -fno-exceptions
configure:9407: gcc -c -g -O2 -ffile-prefix-map=/var/build/lxde/libfm=. -fstack-protector-strong -Wformat -Werror=format-security -Wdate-time -D_FORTIFY_SOURCE=2 -fno-rtti -fno-exceptions conftest.c >&5
cc1: warning: command-line option '-fno-rtti' is valid for C++/D/ObjC++ but not for C
configure:9411: $? = 0
configure:9424: result: no
configure:9788: checking for gcc option to produce PIC
configure:9795: result: -fPIC -DPIC
configure:9803: checking if gcc PIC flag -fPIC -DPIC works
configure:9821: gcc -c -g -O2 -ffile-prefix-map=/var/build/lxde/libfm=. -fstack-protector-strong -Wformat -Werror=format-security -Wdate-time -D_FORTIFY_SOURCE=2 -fPIC -DPIC -DPIC conftest.c >&5
configure:9825: $? = 0
configure:9838: result: yes
configure:9867: checking if gcc static flag -static works
configure:9895: result: yes
configure:9910: checking if gcc supports -c -o file.o
configure:9931: gcc -c -g -O2 -ffile-prefix-map=/var/build/lxde/libfm=. -fstack-protector-strong -Wformat -Werror=format-security -Wdate-time -D_FORTIFY_SOURCE=2 -o out/conftest2.o conftest.c >&5
configure:9935: $? = 0
configure:9957: result: yes
configure:9965: checking if gcc supports -c -o file.o
configure:10012: result: yes
configure:10045: checking whether the gcc linker (/usr/bin/ld -m elf_x86_64) supports shared libraries
configure:11308: result: yes
configure:11345: checking whether -lc should be explicitly linked in
configure:11353: gcc -c -g -O2 -ffile-prefix-map=/var/build/lxde/libfm=. -fstack-protector-strong -Wformat -Werror=format-security -Wdate-time -D_FORTIFY_SOURCE=2 conftest.c >&5
configure:11356: $? = 0
configure:11371: gcc -shared  -fPIC -DPIC conftest.o  -v -Wl,-soname -Wl,conftest -o conftest 2\>\&1 \| /bin/grep  -lc  \>/dev/null 2\>\&1
configure:11374: $? = 0
configure:11388: result: no
configure:11548: checking dynamic linker characteristics
configure:12129: gcc -o conftest -g -O2 -ffile-prefix-map=/var/build/lxde/libfm=. -fstack-protector-strong -Wformat -Werror=format-security -Wdate-time -D_FORTIFY_SOURCE=2 -Wl,-z,relro -Wl,-z,now -Wl,-rpath -Wl,/foo conftest.c  >&5
configure:12129: $? = 0
configure:12378: result: GNU/Linux ld.so
configure:12500: checking how to hardcode library paths into programs
configure:12525: result: immediate
configure:13073: checking whether stripping libraries is possible
configure:13078: result: yes
configure:13113: checking if libtool supports shared libraries
configure:13115: result: yes
configure:13118: checking whether to build shared libraries
configure:13143: result: yes
configure:13146: checking whether to build static libraries
configure:13150: result: yes
configure:13223: checking for valac
configure:13241: found /usr/bin/valac
configure:13254: result: /usr/bin/valac
configure:13388: checking for ANSI C header files
configure:13492: result: yes
configure:13504: checking for library containing pow
configure:13535: gcc -o conftest -g -O2 -ffile-prefix-map=/var/build/lxde/libfm=. -fstack-protector-strong -Wformat -Werror=format-security -Wdate-time -D_FORTIFY_SOURCE=2 -Wl,-z,relro -Wl,-z,now conftest.c  >&5
conftest.c:32:6: warning: conflicting types for built-in function 'pow'; expected 'double(double,  double)' [-Wbuiltin-declaration-mismatch]
   32 | char pow ();
      |      ^~~
conftest.c:1:1: note: 'pow' is declared in header '<math.h>'
    1 | /* confdefs.h */
/usr/bin/ld: /tmp/cc1gqk9z.o: in function `main':
./conftest.c:36: undefined reference to `pow'
collect2: error: ld returned 1 exit status
configure:13535: $? = 1
configure: failed program was:
| /* confdefs.h */
| #define PACKAGE_NAME "libfm"
| #define PACKAGE_TARNAME "libfm"
| #define PACKAGE_VERSION "1.3.2"
| #define PACKAGE_STRING "libfm 1.3.2"
| #define PACKAGE_BUGREPORT "http://pcmanfm.sourceforge.net/"
| #define PACKAGE_URL ""
| #define PACKAGE "libfm"
| #define VERSION "1.3.2"
| #define STDC_HEADERS 1
| #define HAVE_SYS_TYPES_H 1
| #define HAVE_SYS_STAT_H 1
| #define HAVE_STDLIB_H 1
| #define HAVE_STRING_H 1
| #define HAVE_MEMORY_H 1
| #define HAVE_STRINGS_H 1
| #define HAVE_INTTYPES_H 1
| #define HAVE_STDINT_H 1
| #define HAVE_UNISTD_H 1
| #define HAVE_DLFCN_H 1
| #define LT_OBJDIR ".libs/"
| #define HAVE_OLD_ACTIONS 1
| #define STDC_HEADERS 1
| /* end confdefs.h.  */
| 
| /* Override any GCC internal prototype to avoid an error.
|    Use char because int might match the return type of a GCC
|    builtin and then its argument prototype would still apply.  */
| #ifdef __cplusplus
| extern "C"
| #endif
| char pow ();
| int
| main ()
| {
| return pow ();
|   ;
|   return 0;
| }
configure:13535: gcc -o conftest -g -O2 -ffile-prefix-map=/var/build/lxde/libfm=. -fstack-protector-strong -Wformat -Werror=format-security -Wdate-time -D_FORTIFY_SOURCE=2 -Wl,-z,relro -Wl,-z,now conftest.c -lm   >&5
conftest.c:32:6: warning: conflicting types for built-in function 'pow'; expected 'double(double,  double)' [-Wbuiltin-declaration-mismatch]
   32 | char pow ();
      |      ^~~
conftest.c:1:1: note: 'pow' is declared in header '<math.h>'
    1 | /* confdefs.h */
configure:13535: $? = 0
configure:13552: result: -lm
configure:13560: checking for library containing dlopen
configure:13591: gcc -o conftest -g -O2 -ffile-prefix-map=/var/build/lxde/libfm=. -fstack-protector-strong -Wformat -Werror=format-security -Wdate-time -D_FORTIFY_SOURCE=2 -Wl,-z,relro -Wl,-z,now conftest.c -lm  >&5
/usr/bin/ld: /tmp/cc1F9Dpy.o: in function `main':
./conftest.c:36: undefined reference to `dlopen'
collect2: error: ld returned 1 exit status
configure:13591: $? = 1
configure: failed program was:
| /* confdefs.h */
| #define PACKAGE_NAME "libfm"
| #define PACKAGE_TARNAME "libfm"
| #define PACKAGE_VERSION "1.3.2"
| #define PACKAGE_STRING "libfm 1.3.2"
| #define PACKAGE_BUGREPORT "http://pcmanfm.sourceforge.net/"
| #define PACKAGE_URL ""
| #define PACKAGE "libfm"
| #define VERSION "1.3.2"
| #define STDC_HEADERS 1
| #define HAVE_SYS_TYPES_H 1
| #define HAVE_SYS_STAT_H 1
| #define HAVE_STDLIB_H 1
| #define HAVE_STRING_H 1
| #define HAVE_MEMORY_H 1
| #define HAVE_STRINGS_H 1
| #define HAVE_INTTYPES_H 1
| #define HAVE_STDINT_H 1
| #define HAVE_UNISTD_H 1
| #define HAVE_DLFCN_H 1
| #define LT_OBJDIR ".libs/"
| #define HAVE_OLD_ACTIONS 1
| #define STDC_HEADERS 1
| /* end confdefs.h.  */
| 
| /* Override any GCC internal prototype to avoid an error.
|    Use char because int might match the return type of a GCC
|    builtin and then its argument prototype would still apply.  */
| #ifdef __cplusplus
| extern "C"
| #endif
| char dlopen ();
| int
| main ()
| {
| return dlopen ();
|   ;
|   return 0;
| }
configure:13591: gcc -o conftest -g -O2 -ffile-prefix-map=/var/build/lxde/libfm=. -fstack-protector-strong -Wformat -Werror=format-security -Wdate-time -D_FORTIFY_SOURCE=2 -Wl,-z,relro -Wl,-z,now conftest.c -ldl  -lm  >&5
configure:13591: $? = 0
configure:13608: result: -ldl
configure:13639: checking whether NLS is requested
configure:13648: result: yes
configure:13666: checking for intltool >= 0.40.0
configure:13668: result: 0.51.0 found
configure:13676: checking for intltool-update
configure:13694: found /usr/bin/intltool-update
configure:13706: result: /usr/bin/intltool-update
configure:13716: checking for intltool-merge
configure:13734: found /usr/bin/intltool-merge
configure:13746: result: /usr/bin/intltool-merge
configure:13756: checking for intltool-extract
configure:13774: found /usr/bin/intltool-extract
configure:13786: result: /usr/bin/intltool-extract
configure:13940: checking for xgettext
configure:13958: found /usr/bin/xgettext
configure:13970: result: /usr/bin/xgettext
configure:13980: checking for msgmerge
configure:13998: found /usr/bin/msgmerge
configure:14010: result: /usr/bin/msgmerge
configure:14020: checking for msgfmt
configure:14038: found /usr/bin/msgfmt
configure:14050: result: /usr/bin/msgfmt
configure:14060: checking for gmsgfmt
configure:14091: result: /usr/bin/msgfmt
configure:14111: checking for perl
configure:14129: found /usr/bin/perl
configure:14141: result: /usr/bin/perl
configure:14152: checking for perl >= 5.8.1
configure:14159: result: 5.32.1
configure:14163: checking for XML::Parser
configure:14166: result: ok
configure:14255: checking for pkg-config
configure:14273: found /usr/bin/pkg-config
configure:14285: result: /usr/bin/pkg-config
configure:14310: checking pkg-config is at least version 0.9.0
configure:14313: result: yes
configure:14323: checking for gio-unix-2.0 >= 2.26.0 glib-2.0 >= 2.26.0 gthread-2.0 gobject-2.0
configure:14330: $PKG_CONFIG --exists --print-errors "$gio_modules"
configure:14333: $? = 0
configure:14347: $PKG_CONFIG --exists --print-errors "$gio_modules"
configure:14350: $? = 0
configure:14408: result: yes
configure:14432: checking for gio-unix-2.0 >= 2.26.0 glib-2.0 >= 2.26.0 gthread-2.0 gobject-2.0 gtk+-3.0 pango >= 1.16.0 cairo >= 1.8.0
configure:14439: $PKG_CONFIG --exists --print-errors "$pkg_modules"
configure:14442: $? = 0
configure:14456: $PKG_CONFIG --exists --print-errors "$pkg_modules"
configure:14459: $? = 0
configure:14517: result: yes
configure:14557: checking for libmenu-cache >= 0.3.2
configure:14564: $PKG_CONFIG --exists --print-errors "$menu_modules"
configure:14567: $? = 0
configure:14581: $PKG_CONFIG --exists --print-errors "$menu_modules"
configure:14584: $? = 0
configure:14642: result: yes
configure:14654: checking for menu_cache_dir_list_children
configure:14654: gcc -o conftest -g -O2 -ffile-prefix-map=/var/build/lxde/libfm=. -fstack-protector-strong -Wformat -Werror=format-security -Wdate-time -D_FORTIFY_SOURCE=2 -D_LARGEFILE_SOURCE -D_REENTRANT -D_FILE_OFFSET_BITS=64 -Wl,-z,relro -Wl,-z,now conftest.c -ldl -lm  -lmenu-cache -lglib-2.0 >&5
configure:14654: $? = 0
configure:14654: result: yes
configure:14670: checking for glib-2.0 >= 2.27.0
configure:14677: $PKG_CONFIG --exists --print-errors "glib-2.0 >= 2.27.0"
configure:14680: $? = 0
configure:14694: $PKG_CONFIG --exists --print-errors "glib-2.0 >= 2.27.0"
configure:14697: $? = 0
configure:14735: result: yes
configure:14788: checking for dbus-glib-1
configure:14795: $PKG_CONFIG --exists --print-errors "$dbus_modules"
configure:14798: $? = 0
configure:14812: $PKG_CONFIG --exists --print-errors "$dbus_modules"
configure:14815: $? = 0
configure:14873: result: yes
configure:14906: checking for libexif
configure:14913: $PKG_CONFIG --exists --print-errors "$exif_modules"
configure:14916: $? = 0
configure:14930: $PKG_CONFIG --exists --print-errors "$exif_modules"
configure:14933: $? = 0
configure:14987: result: yes
configure:15006: checking for gtk-doc
configure:15009: $PKG_CONFIG --exists --print-errors "$gtk_doc_requires"
configure:15012: $? = 0
configure:15018: result: yes
configure:15032: checking for gtkdoc-check
configure:15048: found /usr/bin/gtkdoc-check
configure:15059: result: gtkdoc-check.test
configure:15069: checking for gtkdoc-check
configure:15087: found /usr/bin/gtkdoc-check
configure:15099: result: /usr/bin/gtkdoc-check
configure:15111: checking for gtkdoc-rebase
configure:15129: found /usr/bin/gtkdoc-rebase
configure:15141: result: /usr/bin/gtkdoc-rebase
configure:15155: checking for gtkdoc-mkpdf
configure:15173: found /usr/bin/gtkdoc-mkpdf
configure:15185: result: /usr/bin/gtkdoc-mkpdf
configure:15213: checking whether to build gtk-doc documentation
configure:15215: result: yes
configure:15228: checking for glib-2.0 >= 2.10.0 gobject-2.0  >= 2.10.0
configure:15235: $PKG_CONFIG --exists --print-errors "glib-2.0 >= 2.10.0 gobject-2.0  >= 2.10.0"
configure:15238: $? = 0
configure:15252: $PKG_CONFIG --exists --print-errors "glib-2.0 >= 2.10.0 gobject-2.0  >= 2.10.0"
configure:15255: $? = 0
configure:15293: result: yes
configure:15414: checking locale.h usability
configure:15414: gcc -c -g -O2 -ffile-prefix-map=/var/build/lxde/libfm=. -fstack-protector-strong -Wformat -Werror=format-security -Wdate-time -D_FORTIFY_SOURCE=2 -D_LARGEFILE_SOURCE -D_REENTRANT -D_FILE_OFFSET_BITS=64 conftest.c >&5
configure:15414: $? = 0
configure:15414: result: yes
configure:15414: checking locale.h presence
configure:15414: gcc -E -Wdate-time -D_FORTIFY_SOURCE=2 -D_LARGEFILE_SOURCE -D_REENTRANT -D_FILE_OFFSET_BITS=64 conftest.c
configure:15414: $? = 0
configure:15414: result: yes
configure:15414: checking for locale.h
configure:15414: result: yes
configure:15425: checking for LC_MESSAGES
configure:15441: gcc -o conftest -g -O2 -ffile-prefix-map=/var/build/lxde/libfm=. -fstack-protector-strong -Wformat -Werror=format-security -Wdate-time -D_FORTIFY_SOURCE=2 -D_LARGEFILE_SOURCE -D_REENTRANT -D_FILE_OFFSET_BITS=64 -Wl,-z,relro -Wl,-z,now conftest.c -ldl -lm  >&5
configure:15441: $? = 0
configure:15449: result: yes
configure:15467: checking for CFPreferencesCopyAppValue
configure:15485: gcc -o conftest -g -O2 -ffile-prefix-map=/var/build/lxde/libfm=. -fstack-protector-strong -Wformat -Werror=format-security -Wdate-time -D_FORTIFY_SOURCE=2 -D_LARGEFILE_SOURCE -D_REENTRANT -D_FILE_OFFSET_BITS=64 -Wl,-z,relro -Wl,-z,now conftest.c -ldl -lm  -Wl,-framework -Wl,CoreFoundation >&5
conftest.c:33:10: fatal error: CoreFoundation/CFPreferences.h: No such file or directory
   33 | #include <CoreFoundation/CFPreferences.h>
      |          ^~~~~~~~~~~~~~~~~~~~~~~~~~~~~~~~
compilation terminated.
configure:15485: $? = 1
configure: failed program was:
| /* confdefs.h */
| #define PACKAGE_NAME "libfm"
| #define PACKAGE_TARNAME "libfm"
| #define PACKAGE_VERSION "1.3.2"
| #define PACKAGE_STRING "libfm 1.3.2"
| #define PACKAGE_BUGREPORT "http://pcmanfm.sourceforge.net/"
| #define PACKAGE_URL ""
| #define PACKAGE "libfm"
| #define VERSION "1.3.2"
| #define STDC_HEADERS 1
| #define HAVE_SYS_TYPES_H 1
| #define HAVE_SYS_STAT_H 1
| #define HAVE_STDLIB_H 1
| #define HAVE_STRING_H 1
| #define HAVE_MEMORY_H 1
| #define HAVE_STRINGS_H 1
| #define HAVE_INTTYPES_H 1
| #define HAVE_STDINT_H 1
| #define HAVE_UNISTD_H 1
| #define HAVE_DLFCN_H 1
| #define LT_OBJDIR ".libs/"
| #define HAVE_OLD_ACTIONS 1
| #define STDC_HEADERS 1
| #define _LARGEFILE64_SOURCE 1
| #define _FILE_OFFSET_BITS 64
| #define HAVE_MENU_CACHE_DIR_LIST_CHILDREN 1
| #define HAVE_SCHEME_HANDLER 1
| #define USE_UDISKS 1
| #define USE_EXIF 1
| #define HAVE_LOCALE_H 1
| #define HAVE_LC_MESSAGES 1
| /* end confdefs.h.  */
| #include <CoreFoundation/CFPreferences.h>
| int
| main ()
| {
| CFPreferencesCopyAppValue(NULL, NULL)
|   ;
|   return 0;
| }
configure:15494: result: no
configure:15501: checking for CFLocaleCopyCurrent
configure:15519: gcc -o conftest -g -O2 -ffile-prefix-map=/var/build/lxde/libfm=. -fstack-protector-strong -Wformat -Werror=format-security -Wdate-time -D_FORTIFY_SOURCE=2 -D_LARGEFILE_SOURCE -D_REENTRANT -D_FILE_OFFSET_BITS=64 -Wl,-z,relro -Wl,-z,now conftest.c -ldl -lm  -Wl,-framework -Wl,CoreFoundation >&5
conftest.c:33:10: fatal error: CoreFoundation/CFLocale.h: No such file or directory
   33 | #include <CoreFoundation/CFLocale.h>
      |          ^~~~~~~~~~~~~~~~~~~~~~~~~~~
compilation terminated.
configure:15519: $? = 1
configure: failed program was:
| /* confdefs.h */
| #define PACKAGE_NAME "libfm"
| #define PACKAGE_TARNAME "libfm"
| #define PACKAGE_VERSION "1.3.2"
| #define PACKAGE_STRING "libfm 1.3.2"
| #define PACKAGE_BUGREPORT "http://pcmanfm.sourceforge.net/"
| #define PACKAGE_URL ""
| #define PACKAGE "libfm"
| #define VERSION "1.3.2"
| #define STDC_HEADERS 1
| #define HAVE_SYS_TYPES_H 1
| #define HAVE_SYS_STAT_H 1
| #define HAVE_STDLIB_H 1
| #define HAVE_STRING_H 1
| #define HAVE_MEMORY_H 1
| #define HAVE_STRINGS_H 1
| #define HAVE_INTTYPES_H 1
| #define HAVE_STDINT_H 1
| #define HAVE_UNISTD_H 1
| #define HAVE_DLFCN_H 1
| #define LT_OBJDIR ".libs/"
| #define HAVE_OLD_ACTIONS 1
| #define STDC_HEADERS 1
| #define _LARGEFILE64_SOURCE 1
| #define _FILE_OFFSET_BITS 64
| #define HAVE_MENU_CACHE_DIR_LIST_CHILDREN 1
| #define HAVE_SCHEME_HANDLER 1
| #define USE_UDISKS 1
| #define USE_EXIF 1
| #define HAVE_LOCALE_H 1
| #define HAVE_LC_MESSAGES 1
| /* end confdefs.h.  */
| #include <CoreFoundation/CFLocale.h>
| int
| main ()
| {
| CFLocaleCopyCurrent();
|   ;
|   return 0;
| }
configure:15528: result: no
configure:15542: checking libintl.h usability
configure:15542: gcc -c -g -O2 -ffile-prefix-map=/var/build/lxde/libfm=. -fstack-protector-strong -Wformat -Werror=format-security -Wdate-time -D_FORTIFY_SOURCE=2 -D_LARGEFILE_SOURCE -D_REENTRANT -D_FILE_OFFSET_BITS=64 conftest.c >&5
configure:15542: $? = 0
configure:15542: result: yes
configure:15542: checking libintl.h presence
configure:15542: gcc -E -Wdate-time -D_FORTIFY_SOURCE=2 -D_LARGEFILE_SOURCE -D_REENTRANT -D_FILE_OFFSET_BITS=64 conftest.c
configure:15542: $? = 0
configure:15542: result: yes
configure:15542: checking for libintl.h
configure:15542: result: yes
configure:15550: checking for ngettext in libc
configure:15568: gcc -o conftest -g -O2 -ffile-prefix-map=/var/build/lxde/libfm=. -fstack-protector-strong -Wformat -Werror=format-security -Wdate-time -D_FORTIFY_SOURCE=2 -D_LARGEFILE_SOURCE -D_REENTRANT -D_FILE_OFFSET_BITS=64 -Wl,-z,relro -Wl,-z,now conftest.c -ldl -lm  >&5
configure:15568: $? = 0
configure:15577: result: yes
configure:15581: checking for dgettext in libc
configure:15599: gcc -o conftest -g -O2 -ffile-prefix-map=/var/build/lxde/libfm=. -fstack-protector-strong -Wformat -Werror=format-security -Wdate-time -D_FORTIFY_SOURCE=2 -D_LARGEFILE_SOURCE -D_REENTRANT -D_FILE_OFFSET_BITS=64 -Wl,-z,relro -Wl,-z,now conftest.c -ldl -lm  >&5
configure:15599: $? = 0
configure:15608: result: yes
configure:15615: checking for bind_textdomain_codeset
configure:15615: gcc -o conftest -g -O2 -ffile-prefix-map=/var/build/lxde/libfm=. -fstack-protector-strong -Wformat -Werror=format-security -Wdate-time -D_FORTIFY_SOURCE=2 -D_LARGEFILE_SOURCE -D_REENTRANT -D_FILE_OFFSET_BITS=64 -Wl,-z,relro -Wl,-z,now conftest.c -ldl -lm  >&5
configure:15615: $? = 0
configure:15615: result: yes
configure:15891: checking for msgfmt
configure:15918: result: /usr/bin/msgfmt
configure:15929: checking for dcgettext
configure:15929: gcc -o conftest -g -O2 -ffile-prefix-map=/var/build/lxde/libfm=. -fstack-protector-strong -Wformat -Werror=format-security -Wdate-time -D_FORTIFY_SOURCE=2 -D_LARGEFILE_SOURCE -D_REENTRANT -D_FILE_OFFSET_BITS=64 -Wl,-z,relro -Wl,-z,now conftest.c -ldl -lm   >&5
conftest.c:58:6: warning: conflicting types for built-in function 'dcgettext'; expected 'char *(const char *, const char *, int)' [-Wbuiltin-declaration-mismatch]
   58 | char dcgettext ();
      |      ^~~~~~~~~
configure:15929: $? = 0
configure:15929: result: yes
configure:15939: checking if msgfmt accepts -c
configure:15954: $MSGFMT -c -o /dev/null conftest.foo
conftest.foo:3: warning: header field 'Language' missing in header
configure:15957: $? = 0
configure:15959: result: yes
configure:15969: checking for gmsgfmt
configure:16000: result: /usr/bin/msgfmt
configure:16010: checking for xgettext
configure:16037: result: /usr/bin/xgettext
configure:16056: gcc -o conftest -g -O2 -ffile-prefix-map=/var/build/lxde/libfm=. -fstack-protector-strong -Wformat -Werror=format-security -Wdate-time -D_FORTIFY_SOURCE=2 -D_LARGEFILE_SOURCE -D_REENTRANT -D_FILE_OFFSET_BITS=64 -Wl,-z,relro -Wl,-z,now conftest.c -ldl -lm   >&5
configure:16056: $? = 0
configure:16234: checking whether the target compiler accepts -Wl,-z,defs
configure:16249: result: yes
configure:16254: checking whether environ is declared
configure:16254: gcc -c -g -O2 -ffile-prefix-map=/var/build/lxde/libfm=. -fstack-protector-strong -Wformat -Werror=format-security -Wdate-time -D_FORTIFY_SOURCE=2 -D_LARGEFILE_SOURCE -D_REENTRANT -D_FILE_OFFSET_BITS=64 -DG_DISABLE_ASSERT -DG_DISABLE_CHECKS -DG_DISABLE_CAST_CHECKS conftest.c >&5
conftest.c: In function 'main':
conftest.c:47:10: error: 'environ' undeclared (first use in this function)
   47 |   (void) environ;
      |          ^~~~~~~
conftest.c:47:10: note: each undeclared identifier is reported only once for each function it appears in
configure:16254: $? = 1
configure: failed program was:
| /* confdefs.h */
| #define PACKAGE_NAME "libfm"
| #define PACKAGE_TARNAME "libfm"
| #define PACKAGE_VERSION "1.3.2"
| #define PACKAGE_STRING "libfm 1.3.2"
| #define PACKAGE_BUGREPORT "http://pcmanfm.sourceforge.net/"
| #define PACKAGE_URL ""
| #define PACKAGE "libfm"
| #define VERSION "1.3.2"
| #define STDC_HEADERS 1
| #define HAVE_SYS_TYPES_H 1
| #define HAVE_SYS_STAT_H 1
| #define HAVE_STDLIB_H 1
| #define HAVE_STRING_H 1
| #define HAVE_MEMORY_H 1
| #define HAVE_STRINGS_H 1
| #define HAVE_INTTYPES_H 1
| #define HAVE_STDINT_H 1
| #define HAVE_UNISTD_H 1
| #define HAVE_DLFCN_H 1
| #define LT_OBJDIR ".libs/"
| #define HAVE_OLD_ACTIONS 1
| #define STDC_HEADERS 1
| #define _LARGEFILE64_SOURCE 1
| #define _FILE_OFFSET_BITS 64
| #define HAVE_MENU_CACHE_DIR_LIST_CHILDREN 1
| #define HAVE_SCHEME_HANDLER 1
| #define USE_UDISKS 1
| #define USE_EXIF 1
| #define HAVE_LOCALE_H 1
| #define HAVE_LC_MESSAGES 1
| #define HAVE_BIND_TEXTDOMAIN_CODESET 1
| #define HAVE_GETTEXT 1
| #define HAVE_DCGETTEXT 1
| #define ENABLE_NLS 1
| #define GETTEXT_PACKAGE "libfm"
| /* end confdefs.h.  */
| #include <unistd.h>
| 
| int
| main ()
| {
| #ifndef environ
| #ifdef __cplusplus
|   (void) environ;
| #else
|   (void) environ;
| #endif
| #endif
| 
|   ;
|   return 0;
| }
configure:16254: result: no
configure:16382: checking that generated files are newer than configure
configure:16388: result: done
configure:16471: creating ./config.status

## ---------------------- ##
## Running config.status. ##
## ---------------------- ##

This file was extended by libfm config.status 1.3.2, which was
generated by GNU Autoconf 2.69.  Invocation command line was

  CONFIG_FILES    = 
  CONFIG_HEADERS  = 
  CONFIG_LINKS    = 
  CONFIG_COMMANDS = 
  $ ./config.status 

on debian

config.status:1255: creating Makefile
config.status:1255: creating src/Makefile
config.status:1255: creating src/actions/Makefile
config.status:1255: creating src/tests/Makefile
config.status:1255: creating src/modules/Makefile
config.status:1255: creating src/fm-version.h
config.status:1255: creating data/Makefile
config.status:1255: creating data/libfm-pref-apps.1
config.status:1255: creating data/lxshortcut.1
config.status:1255: creating data/ui/Makefile
config.status:1255: creating po/Makefile.in
config.status:1255: creating docs/Makefile
config.status:1255: creating docs/reference/Makefile
config.status:1255: creating docs/reference/libfm/Makefile
config.status:1255: creating docs/reference/libfm/version.xml
config.status:1255: creating libfm.pc
config.status:1255: creating libfm-gtk.pc
config.status:1255: creating libfm-gtk3.pc
config.status:1255: creating libfm-extra.pc
config.status:1255: creating config.h
config.status:1484: executing depfiles commands
config.status:1484: executing libtool commands
config.status:1484: executing default-1 commands
config.status:1484: executing po/stamp-it commands

## ---------------- ##
## Cache variables. ##
## ---------------- ##

ac_cv_build=x86_64-pc-linux-gnu
ac_cv_c_compiler_gnu=yes
ac_cv_env_CC_set=
ac_cv_env_CC_value=
ac_cv_env_CFLAGS_set=set
ac_cv_env_CFLAGS_value='-g -O2 -ffile-prefix-map=/var/build/lxde/libfm=. -fstack-protector-strong -Wformat -Werror=format-security'
ac_cv_env_CPPFLAGS_set=set
ac_cv_env_CPPFLAGS_value='-Wdate-time -D_FORTIFY_SOURCE=2'
ac_cv_env_CPP_set=
ac_cv_env_CPP_value=
ac_cv_env_DBUS_CFLAGS_set=
ac_cv_env_DBUS_CFLAGS_value=
ac_cv_env_DBUS_LIBS_set=
ac_cv_env_DBUS_LIBS_value=
ac_cv_env_EXIF_CFLAGS_set=
ac_cv_env_EXIF_CFLAGS_value=
ac_cv_env_EXIF_LIBS_set=
ac_cv_env_EXIF_LIBS_value=
ac_cv_env_GIO_CFLAGS_set=
ac_cv_env_GIO_CFLAGS_value=
ac_cv_env_GIO_LIBS_set=
ac_cv_env_GIO_LIBS_value=
ac_cv_env_GLIB2_27_CFLAGS_set=
ac_cv_env_GLIB2_27_CFLAGS_value=
ac_cv_env_GLIB2_27_LIBS_set=
ac_cv_env_GLIB2_27_LIBS_value=
ac_cv_env_GTKDOC_DEPS_CFLAGS_set=
ac_cv_env_GTKDOC_DEPS_CFLAGS_value=
ac_cv_env_GTKDOC_DEPS_LIBS_set=
ac_cv_env_GTKDOC_DEPS_LIBS_value=
ac_cv_env_GTK_CFLAGS_set=
ac_cv_env_GTK_CFLAGS_value=
ac_cv_env_GTK_LIBS_set=
ac_cv_env_GTK_LIBS_value=
ac_cv_env_LDFLAGS_set=set
ac_cv_env_LDFLAGS_value='-Wl,-z,relro -Wl,-z,now'
ac_cv_env_LIBS_set=
ac_cv_env_LIBS_value=
ac_cv_env_LT_SYS_LIBRARY_PATH_set=
ac_cv_env_LT_SYS_LIBRARY_PATH_value=
ac_cv_env_MENU_CACHE_CFLAGS_set=
ac_cv_env_MENU_CACHE_CFLAGS_value=
ac_cv_env_MENU_CACHE_LIBS_set=
ac_cv_env_MENU_CACHE_LIBS_value=
ac_cv_env_PKG_CONFIG_LIBDIR_set=
ac_cv_env_PKG_CONFIG_LIBDIR_value=
ac_cv_env_PKG_CONFIG_PATH_set=
ac_cv_env_PKG_CONFIG_PATH_value=
ac_cv_env_PKG_CONFIG_set=
ac_cv_env_PKG_CONFIG_value=
ac_cv_env_build_alias_set=set
ac_cv_env_build_alias_value=x86_64-linux-gnu
ac_cv_env_host_alias_set=
ac_cv_env_host_alias_value=
ac_cv_env_target_alias_set=
ac_cv_env_target_alias_value=
ac_cv_func_bind_textdomain_codeset=yes
ac_cv_func_dcgettext=yes
ac_cv_func_menu_cache_dir_list_children=yes
ac_cv_have_decl_environ=no
ac_cv_header_dlfcn_h=yes
ac_cv_header_inttypes_h=yes
ac_cv_header_libintl_h=yes
ac_cv_header_locale_h=yes
ac_cv_header_memory_h=yes
ac_cv_header_stdc=yes
ac_cv_header_stdint_h=yes
ac_cv_header_stdlib_h=yes
ac_cv_header_string_h=yes
ac_cv_header_strings_h=yes
ac_cv_header_sys_stat_h=yes
ac_cv_header_sys_types_h=yes
ac_cv_header_unistd_h=yes
ac_cv_host=x86_64-pc-linux-gnu
ac_cv_ld_z_defs=yes
ac_cv_objext=o
ac_cv_path_EGREP='/bin/grep -E'
ac_cv_path_FGREP='/bin/grep -F'
ac_cv_path_GMSGFMT=/usr/bin/msgfmt
ac_cv_path_GREP=/bin/grep
ac_cv_path_GTKDOC_CHECK_PATH=/usr/bin/gtkdoc-check
ac_cv_path_GTKDOC_MKPDF=/usr/bin/gtkdoc-mkpdf
ac_cv_path_GTKDOC_REBASE=/usr/bin/gtkdoc-rebase
ac_cv_path_INTLTOOL_EXTRACT=/usr/bin/intltool-extract
ac_cv_path_INTLTOOL_MERGE=/usr/bin/intltool-merge
ac_cv_path_INTLTOOL_PERL=/usr/bin/perl
ac_cv_path_INTLTOOL_UPDATE=/usr/bin/intltool-update
ac_cv_path_MSGFMT=/usr/bin/msgfmt
ac_cv_path_MSGMERGE=/usr/bin/msgmerge
ac_cv_path_SED=/bin/sed
ac_cv_path_VALAC=/usr/bin/valac
ac_cv_path_XGETTEXT=/usr/bin/xgettext
ac_cv_path_ac_pt_PKG_CONFIG=/usr/bin/pkg-config
ac_cv_path_install='/usr/bin/install -c'
ac_cv_path_lt_DD=/bin/dd
ac_cv_path_mkdir=/bin/mkdir
ac_cv_prog_AWK=gawk
ac_cv_prog_CPP='gcc -E'
ac_cv_prog_GTKDOC_CHECK=gtkdoc-check.test
ac_cv_prog_ac_ct_AR=ar
ac_cv_prog_ac_ct_CC=gcc
ac_cv_prog_ac_ct_MANIFEST_TOOL=mt
ac_cv_prog_ac_ct_OBJDUMP=objdump
ac_cv_prog_ac_ct_RANLIB=ranlib
ac_cv_prog_ac_ct_STRIP=strip
ac_cv_prog_cc_c89=
ac_cv_prog_cc_g=yes
ac_cv_prog_make_make_set=yes
ac_cv_search_dlopen=-ldl
ac_cv_search_pow=-lm
am_cv_CC_dependencies_compiler_type=none
am_cv_ar_interface=ar
am_cv_make_support_nested_variables=yes
am_cv_prog_cc_c_o=yes
am_cv_val_LC_MESSAGES=yes
gt_cv_func_CFLocaleCopyCurrent=no
gt_cv_func_CFPreferencesCopyAppValue=no
gt_cv_func_dgettext_libc=yes
gt_cv_func_dgettext_libintl=no
gt_cv_func_ngettext_libc=yes
gt_cv_have_gettext=yes
lt_cv_ar_at_file=@
lt_cv_archive_cmds_need_lc=no
lt_cv_deplibs_check_method=pass_all
lt_cv_file_magic_cmd='$MAGIC_CMD'
lt_cv_file_magic_test_file=
lt_cv_ld_reload_flag=-r
lt_cv_nm_interface='BSD nm'
lt_cv_objdir=.libs
lt_cv_path_LD=/usr/bin/ld
lt_cv_path_NM='/usr/bin/nm -B'
lt_cv_path_mainfest_tool=no
lt_cv_prog_compiler_c_o=yes
lt_cv_prog_compiler_pic='-fPIC -DPIC'
lt_cv_prog_compiler_pic_works=yes
lt_cv_prog_compiler_rtti_exceptions=no
lt_cv_prog_compiler_static_works=yes
lt_cv_prog_gnu_ld=yes
lt_cv_sharedlib_from_linklib_cmd='printf %s\n'
lt_cv_shlibpath_overrides_runpath=yes
lt_cv_sys_global_symbol_pipe='sed -n -e '\''s/^.*[	 ]\([ABCDGIRSTW][ABCDGIRSTW]*\)[	 ][	 ]*\([_A-Za-z][_A-Za-z0-9]*\)$/\1 \2 \2/p'\'' | sed '\''/ __gnu_lto/d'\'''
lt_cv_sys_global_symbol_to_c_name_address='sed -n -e '\''s/^: \(.*\) .*$/  {"\1", (void *) 0},/p'\'' -e '\''s/^[ABCDGIRSTW][ABCDGIRSTW]* .* \(.*\)$/  {"\1", (void *) \&\1},/p'\'''
lt_cv_sys_global_symbol_to_c_name_address_lib_prefix='sed -n -e '\''s/^: \(.*\) .*$/  {"\1", (void *) 0},/p'\'' -e '\''s/^[ABCDGIRSTW][ABCDGIRSTW]* .* \(lib.*\)$/  {"\1", (void *) \&\1},/p'\'' -e '\''s/^[ABCDGIRSTW][ABCDGIRSTW]* .* \(.*\)$/  {"lib\1", (void *) \&\1},/p'\'''
lt_cv_sys_global_symbol_to_cdecl='sed -n -e '\''s/^T .* \(.*\)$/extern int \1();/p'\'' -e '\''s/^[ABCDGIRSTW][ABCDGIRSTW]* .* \(.*\)$/extern char \1;/p'\'''
lt_cv_sys_global_symbol_to_import=
lt_cv_sys_max_cmd_len=1572864
lt_cv_to_host_file_cmd=func_convert_file_noop
lt_cv_to_tool_file_cmd=func_convert_file_noop
lt_cv_truncate_bin='/bin/dd bs=4096 count=1'
pkg_cv_DBUS_CFLAGS='-I/usr/include/dbus-1.0 -I/usr/lib/x86_64-linux-gnu/dbus-1.0/include -I/usr/include/glib-2.0 -I/usr/lib/x86_64-linux-gnu/glib-2.0/include'
pkg_cv_DBUS_LIBS='-ldbus-glib-1 -ldbus-1 -lgobject-2.0 -lglib-2.0'
pkg_cv_EXIF_CFLAGS=
pkg_cv_EXIF_LIBS=-lexif
pkg_cv_GIO_CFLAGS='-pthread -I/usr/include/gio-unix-2.0 -I/usr/include/libmount -I/usr/include/blkid -I/usr/include/glib-2.0 -I/usr/lib/x86_64-linux-gnu/glib-2.0/include'
pkg_cv_GIO_LIBS='-lgio-2.0 -lgthread-2.0 -pthread -lgobject-2.0 -lglib-2.0'
pkg_cv_GLIB2_27_CFLAGS='-I/usr/include/glib-2.0 -I/usr/lib/x86_64-linux-gnu/glib-2.0/include'
pkg_cv_GLIB2_27_LIBS=-lglib-2.0
pkg_cv_GTKDOC_DEPS_CFLAGS='-I/usr/include/glib-2.0 -I/usr/lib/x86_64-linux-gnu/glib-2.0/include'
pkg_cv_GTKDOC_DEPS_LIBS='-lgobject-2.0 -lglib-2.0'
pkg_cv_GTK_CFLAGS='-pthread -I/usr/include/gtk-3.0 -I/usr/include/at-spi2-atk/2.0 -I/usr/include/at-spi-2.0 -I/usr/include/dbus-1.0 -I/usr/lib/x86_64-linux-gnu/dbus-1.0/include -I/usr/include/gtk-3.0 -I/usr/include/gio-unix-2.0 -I/usr/include/cairo -I/usr/include/pango-1.0 -I/usr/include/atk-1.0 -I/usr/include/cairo -I/usr/include/gdk-pixbuf-2.0 -I/usr/include/pango-1.0 -I/usr/include/libmount -I/usr/include/blkid -I/usr/include/fribidi -I/usr/include/harfbuzz -I/usr/include/cairo -I/usr/include/glib-2.0 -I/usr/lib/x86_64-linux-gnu/glib-2.0/include -I/usr/include/pixman-1 -I/usr/include/uuid -I/usr/include/freetype2 -I/usr/include/libpng16'
pkg_cv_GTK_LIBS='-lgthread-2.0 -pthread -lgtk-3 -lgdk-3 -lpangocairo-1.0 -latk-1.0 -lcairo-gobject -lgdk_pixbuf-2.0 -lgio-2.0 -lpango-1.0 -lgobject-2.0 -lglib-2.0 -lharfbuzz -lcairo'
pkg_cv_MENU_CACHE_CFLAGS='-I/usr/include/menu-cache -I/usr/include/glib-2.0 -I/usr/lib/x86_64-linux-gnu/glib-2.0/include'
pkg_cv_MENU_CACHE_LIBS='-lmenu-cache -lglib-2.0'

## ----------------- ##
## Output variables. ##
## ----------------- ##

ACLOCAL='${SHELL} '\''/var/build/lxde/libfm/missing'\'' aclocal-1.16'
ACTIONS_SUBDIR='actions'
ALL_LINGUAS=''
AMDEPBACKSLASH=''
AMDEP_FALSE=''
AMDEP_TRUE='#'
AMTAR='$${TAR-tar}'
AM_BACKSLASH='\'
AM_DEFAULT_V='$(AM_DEFAULT_VERBOSITY)'
AM_DEFAULT_VERBOSITY='1'
AM_V='$(V)'
AR='ar'
AUTOCONF='${SHELL} '\''/var/build/lxde/libfm/missing'\'' autoconf'
AUTOHEADER='${SHELL} '\''/var/build/lxde/libfm/missing'\'' autoheader'
AUTOMAKE='${SHELL} '\''/var/build/lxde/libfm/missing'\'' automake-1.16'
AWK='gawk'
CATALOGS=''
CATOBJEXT='.gmo'
CC='gcc'
CCDEPMODE='depmode=none'
CFLAGS='-g -O2 -ffile-prefix-map=/var/build/lxde/libfm=. -fstack-protector-strong -Wformat -Werror=format-security'
CPP='gcc -E'
CPPFLAGS='-Wdate-time -D_FORTIFY_SOURCE=2 -D_LARGEFILE_SOURCE -D_REENTRANT -D_FILE_OFFSET_BITS=64 -DG_DISABLE_ASSERT -DG_DISABLE_CHECKS -DG_DISABLE_CAST_CHECKS'
CYGPATH_W='echo'
DATADIRNAME='share'
DBUS_CFLAGS='-I/usr/include/dbus-1.0 -I/usr/lib/x86_64-linux-gnu/dbus-1.0/include -I/usr/include/glib-2.0 -I/usr/lib/x86_64-linux-gnu/glib-2.0/include'
DBUS_LIBS='-ldbus-glib-1 -ldbus-1 -lgobject-2.0 -lglib-2.0'
DEFS='-DHAVE_CONFIG_H'
DEPDIR='.deps'
DLLTOOL='false'
DSYMUTIL=''
DUMPBIN=''
ECHO_C=''
ECHO_N='-n'
ECHO_T=''
EGREP='/bin/grep -E'
ENABLE_DEMO_FALSE=''
ENABLE_DEMO_TRUE='#'
ENABLE_EXIF_FALSE='#'
ENABLE_EXIF_TRUE=''
ENABLE_GTK_DOC_FALSE='#'
ENABLE_GTK_DOC_TRUE=''
ENABLE_GTK_FALSE='#'
ENABLE_GTK_TRUE=''
ENABLE_UDISKS_FALSE='#'
ENABLE_UDISKS_TRUE=''
EXEEXT=''
EXIF_CFLAGS=''
EXIF_LIBS='-lexif'
EXTRALIB_ONLY_FALSE=''
EXTRALIB_ONLY_TRUE='#'
FGREP='/bin/grep -F'
FMINCLUDEADD=''
FMLIBVER='1.0'
FM_VERSION_MAJOR='1'
FM_VERSION_MICRO='2'
FM_VERSION_MINOR='3'
GETTEXT_PACKAGE='libfm'
GIO_CFLAGS='-pthread -I/usr/include/gio-unix-2.0 -I/usr/include/libmount -I/usr/include/blkid -I/usr/include/glib-2.0 -I/usr/lib/x86_64-linux-gnu/glib-2.0/include'
GIO_LIBS='-lgio-2.0 -lgthread-2.0 -pthread -lgobject-2.0 -lglib-2.0'
GLIB2_27_CFLAGS='-I/usr/include/glib-2.0 -I/usr/lib/x86_64-linux-gnu/glib-2.0/include'
GLIB2_27_LIBS='-lglib-2.0'
GMOFILES=''
GMSGFMT='/usr/bin/msgfmt'
GREP='/bin/grep'
GTKDOC_CHECK='gtkdoc-check.test'
GTKDOC_CHECK_PATH='/usr/bin/gtkdoc-check'
GTKDOC_DEPS_CFLAGS='-I/usr/include/glib-2.0 -I/usr/lib/x86_64-linux-gnu/glib-2.0/include'
GTKDOC_DEPS_LIBS='-lgobject-2.0 -lglib-2.0'
GTKDOC_MKPDF='/usr/bin/gtkdoc-mkpdf'
GTKDOC_REBASE='/usr/bin/gtkdoc-rebase'
GTK_CFLAGS='-pthread -I/usr/include/gtk-3.0 -I/usr/include/at-spi2-atk/2.0 -I/usr/include/at-spi-2.0 -I/usr/include/dbus-1.0 -I/usr/lib/x86_64-linux-gnu/dbus-1.0/include -I/usr/include/gtk-3.0 -I/usr/include/gio-unix-2.0 -I/usr/include/cairo -I/usr/include/pango-1.0 -I/usr/include/atk-1.0 -I/usr/include/cairo -I/usr/include/gdk-pixbuf-2.0 -I/usr/include/pango-1.0 -I/usr/include/libmount -I/usr/include/blkid -I/usr/include/fribidi -I/usr/include/harfbuzz -I/usr/include/cairo -I/usr/include/glib-2.0 -I/usr/lib/x86_64-linux-gnu/glib-2.0/include -I/usr/include/pixman-1 -I/usr/include/uuid -I/usr/include/freetype2 -I/usr/include/libpng16'
GTK_DOC_BUILD_HTML_FALSE='#'
GTK_DOC_BUILD_HTML_TRUE=''
GTK_DOC_BUILD_PDF_FALSE=''
GTK_DOC_BUILD_PDF_TRUE='#'
GTK_DOC_USE_LIBTOOL_FALSE='#'
GTK_DOC_USE_LIBTOOL_TRUE=''
GTK_DOC_USE_REBASE_FALSE='#'
GTK_DOC_USE_REBASE_TRUE=''
GTK_LIBS='-lgthread-2.0 -pthread -lgtk-3 -lgdk-3 -lpangocairo-1.0 -latk-1.0 -lcairo-gobject -lgdk_pixbuf-2.0 -lgio-2.0 -lpango-1.0 -lgobject-2.0 -lglib-2.0 -lharfbuzz -lcairo'
HAVE_GTK_DOC_FALSE='#'
HAVE_GTK_DOC_TRUE=''
HAVE_OLD_ACTIONS_FALSE='#'
HAVE_OLD_ACTIONS_TRUE=''
HAVE_SCHEME_HANDLER_FALSE='#'
HAVE_SCHEME_HANDLER_TRUE=''
HTML_DIR='${datadir}/gtk-doc/html'
INSTALL_DATA='${INSTALL} -m 644'
INSTALL_PROGRAM='${INSTALL}'
INSTALL_SCRIPT='${INSTALL}'
INSTALL_STRIP_PROGRAM='$(install_sh) -c -s'
INSTOBJEXT='.mo'
INTLLIBS=''
INTLTOOL_CAVES_RULE='%.caves:     %.caves.in     $(INTLTOOL_MERGE) $(wildcard $(top_srcdir)/po/*.po) ; $(INTLTOOL_V_MERGE)LC_ALL=C $(INTLTOOL_MERGE) $(INTLTOOL_V_MERGE_OPTIONS) -d -u -c $(top_builddir)/po/.intltool-merge-cache $(top_srcdir)/po $< $@'
INTLTOOL_DESKTOP_RULE='%.desktop:   %.desktop.in   $(INTLTOOL_MERGE) $(wildcard $(top_srcdir)/po/*.po) ; $(INTLTOOL_V_MERGE)LC_ALL=C $(INTLTOOL_MERGE) $(INTLTOOL_V_MERGE_OPTIONS) -d -u -c $(top_builddir)/po/.intltool-merge-cache $(top_srcdir)/po $< $@'
INTLTOOL_DIRECTORY_RULE='%.directory: %.directory.in $(INTLTOOL_MERGE) $(wildcard $(top_srcdir)/po/*.po) ; $(INTLTOOL_V_MERGE)LC_ALL=C $(INTLTOOL_MERGE) $(INTLTOOL_V_MERGE_OPTIONS) -d -u -c $(top_builddir)/po/.intltool-merge-cache $(top_srcdir)/po $< $@'
INTLTOOL_EXTRACT='/usr/bin/intltool-extract'
INTLTOOL_KBD_RULE='%.kbd:       %.kbd.in       $(INTLTOOL_MERGE) $(wildcard $(top_srcdir)/po/*.po) ; $(INTLTOOL_V_MERGE)LC_ALL=C $(INTLTOOL_MERGE) $(INTLTOOL_V_MERGE_OPTIONS) -x -u -m -c $(top_builddir)/po/.intltool-merge-cache $(top_srcdir)/po $< $@'
INTLTOOL_KEYS_RULE='%.keys:      %.keys.in      $(INTLTOOL_MERGE) $(wildcard $(top_srcdir)/po/*.po) ; $(INTLTOOL_V_MERGE)LC_ALL=C $(INTLTOOL_MERGE) $(INTLTOOL_V_MERGE_OPTIONS) -k -u -c $(top_builddir)/po/.intltool-merge-cache $(top_srcdir)/po $< $@'
INTLTOOL_MERGE='/usr/bin/intltool-merge'
INTLTOOL_OAF_RULE='%.oaf:       %.oaf.in       $(INTLTOOL_MERGE) $(wildcard $(top_srcdir)/po/*.po) ; $(INTLTOOL_V_MERGE)LC_ALL=C $(INTLTOOL_MERGE) $(INTLTOOL_V_MERGE_OPTIONS) -o -p $(top_srcdir)/po $< $@'
INTLTOOL_PERL='/usr/bin/perl'
INTLTOOL_POLICY_RULE='%.policy:    %.policy.in    $(INTLTOOL_MERGE) $(wildcard $(top_srcdir)/po/*.po) ; $(INTLTOOL_V_MERGE)LC_ALL=C $(INTLTOOL_MERGE) $(INTLTOOL_V_MERGE_OPTIONS) -x -u -c $(top_builddir)/po/.intltool-merge-cache $(top_srcdir)/po $< $@'
INTLTOOL_PONG_RULE='%.pong:      %.pong.in      $(INTLTOOL_MERGE) $(wildcard $(top_srcdir)/po/*.po) ; $(INTLTOOL_V_MERGE)LC_ALL=C $(INTLTOOL_MERGE) $(INTLTOOL_V_MERGE_OPTIONS) -x -u -c $(top_builddir)/po/.intltool-merge-cache $(top_srcdir)/po $< $@'
INTLTOOL_PROP_RULE='%.prop:      %.prop.in      $(INTLTOOL_MERGE) $(wildcard $(top_srcdir)/po/*.po) ; $(INTLTOOL_V_MERGE)LC_ALL=C $(INTLTOOL_MERGE) $(INTLTOOL_V_MERGE_OPTIONS) -d -u -c $(top_builddir)/po/.intltool-merge-cache $(top_srcdir)/po $< $@'
INTLTOOL_SCHEMAS_RULE='%.schemas:   %.schemas.in   $(INTLTOOL_MERGE) $(wildcard $(top_srcdir)/po/*.po) ; $(INTLTOOL_V_MERGE)LC_ALL=C $(INTLTOOL_MERGE) $(INTLTOOL_V_MERGE_OPTIONS) -s -u -c $(top_builddir)/po/.intltool-merge-cache $(top_srcdir)/po $< $@'
INTLTOOL_SERVER_RULE='%.server:    %.server.in    $(INTLTOOL_MERGE) $(wildcard $(top_srcdir)/po/*.po) ; $(INTLTOOL_V_MERGE)LC_ALL=C $(INTLTOOL_MERGE) $(INTLTOOL_V_MERGE_OPTIONS) -o -u -c $(top_builddir)/po/.intltool-merge-cache $(top_srcdir)/po $< $@'
INTLTOOL_SERVICE_RULE='%.service: %.service.in   $(INTLTOOL_MERGE) $(wildcard $(top_srcdir)/po/*.po) ; $(INTLTOOL_V_MERGE)LC_ALL=C $(INTLTOOL_MERGE) $(INTLTOOL_V_MERGE_OPTIONS) -d -u -c $(top_builddir)/po/.intltool-merge-cache $(top_srcdir)/po $< $@'
INTLTOOL_SHEET_RULE='%.sheet:     %.sheet.in     $(INTLTOOL_MERGE) $(wildcard $(top_srcdir)/po/*.po) ; $(INTLTOOL_V_MERGE)LC_ALL=C $(INTLTOOL_MERGE) $(INTLTOOL_V_MERGE_OPTIONS) -x -u -c $(top_builddir)/po/.intltool-merge-cache $(top_srcdir)/po $< $@'
INTLTOOL_SOUNDLIST_RULE='%.soundlist: %.soundlist.in $(INTLTOOL_MERGE) $(wildcard $(top_srcdir)/po/*.po) ; $(INTLTOOL_V_MERGE)LC_ALL=C $(INTLTOOL_MERGE) $(INTLTOOL_V_MERGE_OPTIONS) -d -u -c $(top_builddir)/po/.intltool-merge-cache $(top_srcdir)/po $< $@'
INTLTOOL_THEME_RULE='%.theme:     %.theme.in     $(INTLTOOL_MERGE) $(wildcard $(top_srcdir)/po/*.po) ; $(INTLTOOL_V_MERGE)LC_ALL=C $(INTLTOOL_MERGE) $(INTLTOOL_V_MERGE_OPTIONS) -d -u -c $(top_builddir)/po/.intltool-merge-cache $(top_srcdir)/po $< $@'
INTLTOOL_UI_RULE='%.ui:        %.ui.in        $(INTLTOOL_MERGE) $(wildcard $(top_srcdir)/po/*.po) ; $(INTLTOOL_V_MERGE)LC_ALL=C $(INTLTOOL_MERGE) $(INTLTOOL_V_MERGE_OPTIONS) -x -u -c $(top_builddir)/po/.intltool-merge-cache $(top_srcdir)/po $< $@'
INTLTOOL_UPDATE='/usr/bin/intltool-update'
INTLTOOL_V_MERGE='$(INTLTOOL__v_MERGE_$(V))'
INTLTOOL_V_MERGE_OPTIONS='$(intltool__v_merge_options_$(V))'
INTLTOOL_XAM_RULE='%.xam:       %.xml.in       $(INTLTOOL_MERGE) $(wildcard $(top_srcdir)/po/*.po) ; $(INTLTOOL_V_MERGE)LC_ALL=C $(INTLTOOL_MERGE) $(INTLTOOL_V_MERGE_OPTIONS) -x -u -c $(top_builddir)/po/.intltool-merge-cache $(top_srcdir)/po $< $@'
INTLTOOL_XML_NOMERGE_RULE='%.xml:       %.xml.in       $(INTLTOOL_MERGE) ; $(INTLTOOL_V_MERGE)LC_ALL=C $(INTLTOOL_MERGE) $(INTLTOOL_V_MERGE_OPTIONS) -x -u --no-translations $< $@'
INTLTOOL_XML_RULE='%.xml:       %.xml.in       $(INTLTOOL_MERGE) $(wildcard $(top_srcdir)/po/*.po) ; $(INTLTOOL_V_MERGE)LC_ALL=C $(INTLTOOL_MERGE) $(INTLTOOL_V_MERGE_OPTIONS) -x -u -c $(top_builddir)/po/.intltool-merge-cache $(top_srcdir)/po $< $@'
INTLTOOL__v_MERGE_0='@echo "  ITMRG " $@;'
INTLTOOL__v_MERGE_='$(INTLTOOL__v_MERGE_$(AM_DEFAULT_VERBOSITY))'
INTL_MACOSX_LIBS=''
LD='/usr/bin/ld -m elf_x86_64'
LDFLAGS='-Wl,-z,defs -Wl,-z,relro -Wl,-z,now'
LIBFM_GTK_LTLIBRARIES='libfm-gtk3.la'
LIBFM_GTK_PC='libfm-gtk3.pc'
LIBFM_PREF_APPS='libfm-pref-apps lxshortcut'
LIBOBJS=''
LIBS='-ldl -lm '
LIBTOOL='$(SHELL) $(top_builddir)/libtool'
LIPO=''
LN_S='ln -s'
LTLIBOBJS=''
LT_SYS_LIBRARY_PATH=''
MAKEINFO='${SHELL} '\''/var/build/lxde/libfm/missing'\'' makeinfo'
MANIFEST_TOOL=':'
MENU_CACHE_CFLAGS='-I/usr/include/menu-cache -I/usr/include/glib-2.0 -I/usr/lib/x86_64-linux-gnu/glib-2.0/include'
MENU_CACHE_LIBS='-lmenu-cache -lglib-2.0'
MKDIR_P='/bin/mkdir -p'
MKINSTALLDIRS='./mkinstalldirs'
MSGFMT='/usr/bin/msgfmt'
MSGFMT_OPTS='-c'
MSGMERGE='/usr/bin/msgmerge'
NM='/usr/bin/nm -B'
NMEDIT=''
OBJDUMP='objdump'
OBJEXT='o'
OTOOL64=''
OTOOL=''
PACKAGE='libfm'
PACKAGE_BUGREPORT='http://pcmanfm.sourceforge.net/'
PACKAGE_NAME='libfm'
PACKAGE_STRING='libfm 1.3.2'
PACKAGE_TARNAME='libfm'
PACKAGE_URL=''
PACKAGE_VERSION='1.3.2'
PATH_SEPARATOR=':'
PKG_CONFIG='/usr/bin/pkg-config'
PKG_CONFIG_LIBDIR=''
PKG_CONFIG_PATH=''
POFILES=''
POSUB='po'
PO_IN_DATADIR_FALSE=''
PO_IN_DATADIR_TRUE=''
RANLIB='ranlib'
SED='/bin/sed'
SET_MAKE=''
SHELL='/bin/bash'
STRIP='strip'
USE_NLS='yes'
VALAC='/usr/bin/valac'
VERSION='1.3.2'
XGETTEXT='/usr/bin/xgettext'
ac_ct_AR='ar'
ac_ct_CC='gcc'
ac_ct_DUMPBIN=''
am__EXEEXT_FALSE=''
am__EXEEXT_TRUE='#'
am__fastdepCC_FALSE=''
am__fastdepCC_TRUE='#'
am__include='include'
am__isrc=''
am__leading_dot='.'
am__nodep=''
am__quote=''
am__tar='$${TAR-tar} chof - "$$tardir"'
am__untar='$${TAR-tar} xf -'
bindir='${exec_prefix}/bin'
build='x86_64-pc-linux-gnu'
build_alias='x86_64-linux-gnu'
build_cpu='x86_64'
build_os='linux-gnu'
build_vendor='pc'
datadir='${datarootdir}'
datarootdir='${prefix}/share'
docdir='${datarootdir}/doc/${PACKAGE_TARNAME}'
dvidir='${docdir}'
exec_prefix='${prefix}'
giomodulesdir='${prefix}/lib/x86_64-linux-gnu/gio/modules'
host='x86_64-pc-linux-gnu'
host_alias=''
host_cpu='x86_64'
host_os='linux-gnu'
host_vendor='pc'
htmldir='${docdir}'
includedir='${prefix}/include'
infodir='${prefix}/share/info'
install_sh='${SHELL} /var/build/lxde/libfm/install-sh'
intltool__v_merge_options_0='-q'
intltool__v_merge_options_='$(intltool__v_merge_options_$(AM_DEFAULT_VERBOSITY))'
libdir='${prefix}/lib/x86_64-linux-gnu'
libexecdir='${prefix}/lib/x86_64-linux-gnu'
localedir='${datarootdir}/locale'
localstatedir='/var'
mandir='${prefix}/share/man'
mkdir_p='$(MKDIR_P)'
oldincludedir='/usr/include'
pdfdir='${docdir}'
prefix='/usr'
program_transform_name='s,x,x,'
psdir='${docdir}'
runstatedir='/run'
sbindir='${exec_prefix}/sbin'
sharedstatedir='${prefix}/com'
sysconfdir='/etc'
target_alias=''

## ----------- ##
## confdefs.h. ##
## ----------- ##

/* confdefs.h */
#define PACKAGE_NAME "libfm"
#define PACKAGE_TARNAME "libfm"
#define PACKAGE_VERSION "1.3.2"
#define PACKAGE_STRING "libfm 1.3.2"
#define PACKAGE_BUGREPORT "http://pcmanfm.sourceforge.net/"
#define PACKAGE_URL ""
#define PACKAGE "libfm"
#define VERSION "1.3.2"
#define STDC_HEADERS 1
#define HAVE_SYS_TYPES_H 1
#define HAVE_SYS_STAT_H 1
#define HAVE_STDLIB_H 1
#define HAVE_STRING_H 1
#define HAVE_MEMORY_H 1
#define HAVE_STRINGS_H 1
#define HAVE_INTTYPES_H 1
#define HAVE_STDINT_H 1
#define HAVE_UNISTD_H 1
#define HAVE_DLFCN_H 1
#define LT_OBJDIR ".libs/"
#define HAVE_OLD_ACTIONS 1
#define STDC_HEADERS 1
#define _LARGEFILE64_SOURCE 1
#define _FILE_OFFSET_BITS 64
#define HAVE_MENU_CACHE_DIR_LIST_CHILDREN 1
#define HAVE_SCHEME_HANDLER 1
#define USE_UDISKS 1
#define USE_EXIF 1
#define HAVE_LOCALE_H 1
#define HAVE_LC_MESSAGES 1
#define HAVE_BIND_TEXTDOMAIN_CODESET 1
#define HAVE_GETTEXT 1
#define HAVE_DCGETTEXT 1
#define ENABLE_NLS 1
#define GETTEXT_PACKAGE "libfm"
#define HAVE_DECL_ENVIRON 0

configure: exit 0
